<?xml version="1.0" encoding="UTF-8"?>
<robot generator="Robot 7.3 (Python 3.13.0 on win32)" generated="2025-09-04T14:13:57.220416" rpa="false" schemaversion="5">
<suite id="s1" name="PARA BANK QA testing" source="C:\Users\BHUTY\OneDrive\Desktop\PARA_BANK_QA_testing">
<suite id="s1-s1" name="Tests" source="C:\Users\BHUTY\OneDrive\Desktop\PARA_BANK_QA_testing\tests">
<suite id="s1-s1-s1" name="Ci Cd" source="C:\Users\BHUTY\OneDrive\Desktop\PARA_BANK_QA_testing\tests\ci_cd.robot">
<test id="s1-s1-s1-t1" name="First_time" line="16">
<kw name="Clean_db">
<kw name="Open Browser" owner="SeleniumLibrary">
<msg time="2025-09-04T14:13:57.601929" level="INFO">Opening browser 'chrome' to base url 'https://parabank.parasoft.com/parabank/index.htm'.</msg>
<arg>browser=${browser}</arg>
<arg>url=${url}</arg>
<doc>Opens a new browser instance to the optional ``url``.</doc>
<status status="PASS" start="2025-09-04T14:13:57.601487" elapsed="2.246507"/>
</kw>
<kw name="Set Selenium Speed" owner="SeleniumLibrary">
<arg>1s</arg>
<doc>Sets the delay that is waited after each Selenium command.</doc>
<status status="PASS" start="2025-09-04T14:13:59.848314" elapsed="0.000480"/>
</kw>
<kw name="Maximize Browser Window" owner="SeleniumLibrary">
<doc>Maximizes current browser window.</doc>
<status status="PASS" start="2025-09-04T14:13:59.848978" elapsed="1.037028"/>
</kw>
<kw name="Click Element" owner="SeleniumLibrary">
<msg time="2025-09-04T14:14:00.886749" level="INFO">Clicking element '//a[text()='Admin Page']'.</msg>
<arg>//a[text()='Admin Page']</arg>
<doc>Click the element identified by ``locator``.</doc>
<status status="PASS" start="2025-09-04T14:14:00.886231" elapsed="2.627335"/>
</kw>
<kw name="Page Should Contain" owner="SeleniumLibrary">
<msg time="2025-09-04T14:14:05.528095" level="INFO">Current page contains text 'Administration'.</msg>
<arg>Administration</arg>
<doc>Verifies that current page contains ``text``.</doc>
<status status="PASS" start="2025-09-04T14:14:03.513803" elapsed="2.014531"/>
</kw>
<kw name="Click Button" owner="SeleniumLibrary">
<msg time="2025-09-04T14:14:05.529115" level="INFO">Clicking button '//button[@value='CLEAN']'.</msg>
<arg>//button[@value='CLEAN']</arg>
<doc>Clicks the button identified by ``locator``.</doc>
<status status="PASS" start="2025-09-04T14:14:05.528536" elapsed="5.202981"/>
</kw>
<kw name="Page Should Contain" owner="SeleniumLibrary">
<msg time="2025-09-04T14:14:12.746240" level="INFO">Current page contains text 'Database Cleaned'.</msg>
<arg>Database Cleaned</arg>
<doc>Verifies that current page contains ``text``.</doc>
<status status="PASS" start="2025-09-04T14:14:10.731741" elapsed="2.014745"/>
</kw>
<status status="PASS" start="2025-09-04T14:13:57.600646" elapsed="15.146011"/>
</kw>
<status status="PASS" start="2025-09-04T14:13:57.597431" elapsed="15.149823"/>
</test>
<status status="PASS" start="2025-09-04T14:13:57.305596" elapsed="15.446330"/>
</suite>
<status status="PASS" start="2025-09-04T14:13:57.294827" elapsed="15.460974"/>
</suite>
<status status="PASS" start="2025-09-04T14:13:57.226201" elapsed="15.534060"/>
</suite>
<statistics>
<total>
<stat pass="1" fail="0" skip="0">All Tests</stat>
</total>
<tag>
</tag>
<suite>
<stat name="PARA BANK QA testing" id="s1" pass="1" fail="0" skip="0">PARA BANK QA testing</stat>
<stat name="Tests" id="s1-s1" pass="1" fail="0" skip="0">PARA BANK QA testing.Tests</stat>
<stat name="Ci Cd" id="s1-s1-s1" pass="1" fail="0" skip="0">PARA BANK QA testing.Tests.Ci Cd</stat>
</suite>
</statistics>
<errors>
</errors>
</robot>
